CRITICAL - 2021-01-21 18:41:46 --> syntax error, unexpected end of file, expecting function (T_FUNCTION) or const (T_CONST)
#0 C:\xampp\htdocs\ci4app\vendor\codeigniter4\framework\system\Router\Router.php(195): CodeIgniter\Router\Router->autoRoute('contact/create')
#1 C:\xampp\htdocs\ci4app\vendor\codeigniter4\framework\system\CodeIgniter.php(793): CodeIgniter\Router\Router->handle('contact/create')
#2 C:\xampp\htdocs\ci4app\vendor\codeigniter4\framework\system\CodeIgniter.php(364): CodeIgniter\CodeIgniter->tryToRouteIt(Object(CodeIgniter\Router\RouteCollection))
#3 C:\xampp\htdocs\ci4app\vendor\codeigniter4\framework\system\CodeIgniter.php(312): CodeIgniter\CodeIgniter->handleRequest(NULL, Object(Config\Cache), false)
#4 C:\xampp\htdocs\ci4app\public\index.php(45): CodeIgniter\CodeIgniter->run()
#5 C:\xampp\htdocs\ci4app\vendor\codeigniter4\framework\system\Commands\Server\rewrite.php(34): require_once('C:\\xampp\\htdocs...')
#6 {main}
CRITICAL - 2021-01-21 18:41:59 --> syntax error, unexpected end of file, expecting function (T_FUNCTION) or const (T_CONST)
#0 C:\xampp\htdocs\ci4app\vendor\codeigniter4\framework\system\Router\Router.php(195): CodeIgniter\Router\Router->autoRoute('contact/create')
#1 C:\xampp\htdocs\ci4app\vendor\codeigniter4\framework\system\CodeIgniter.php(793): CodeIgniter\Router\Router->handle('contact/create')
#2 C:\xampp\htdocs\ci4app\vendor\codeigniter4\framework\system\CodeIgniter.php(364): CodeIgniter\CodeIgniter->tryToRouteIt(Object(CodeIgniter\Router\RouteCollection))
#3 C:\xampp\htdocs\ci4app\vendor\codeigniter4\framework\system\CodeIgniter.php(312): CodeIgniter\CodeIgniter->handleRequest(NULL, Object(Config\Cache), false)
#4 C:\xampp\htdocs\ci4app\public\index.php(45): CodeIgniter\CodeIgniter->run()
#5 C:\xampp\htdocs\ci4app\vendor\codeigniter4\framework\system\Commands\Server\rewrite.php(34): require_once('C:\\xampp\\htdocs...')
#6 {main}
CRITICAL - 2021-01-21 18:42:53 --> syntax error, unexpected end of file, expecting function (T_FUNCTION) or const (T_CONST)
#0 C:\xampp\htdocs\ci4app\vendor\codeigniter4\framework\system\Router\Router.php(195): CodeIgniter\Router\Router->autoRoute('contact/create')
#1 C:\xampp\htdocs\ci4app\vendor\codeigniter4\framework\system\CodeIgniter.php(793): CodeIgniter\Router\Router->handle('contact/create')
#2 C:\xampp\htdocs\ci4app\vendor\codeigniter4\framework\system\CodeIgniter.php(364): CodeIgniter\CodeIgniter->tryToRouteIt(Object(CodeIgniter\Router\RouteCollection))
#3 C:\xampp\htdocs\ci4app\vendor\codeigniter4\framework\system\CodeIgniter.php(312): CodeIgniter\CodeIgniter->handleRequest(NULL, Object(Config\Cache), false)
#4 C:\xampp\htdocs\ci4app\public\index.php(45): CodeIgniter\CodeIgniter->run()
#5 C:\xampp\htdocs\ci4app\vendor\codeigniter4\framework\system\Commands\Server\rewrite.php(34): require_once('C:\\xampp\\htdocs...')
#6 {main}
CRITICAL - 2021-01-21 18:46:08 --> syntax error, unexpected end of file, expecting function (T_FUNCTION) or const (T_CONST)
#0 C:\xampp\htdocs\ci4app\vendor\codeigniter4\framework\system\Router\Router.php(195): CodeIgniter\Router\Router->autoRoute('contact/create')
#1 C:\xampp\htdocs\ci4app\vendor\codeigniter4\framework\system\CodeIgniter.php(793): CodeIgniter\Router\Router->handle('contact/create')
#2 C:\xampp\htdocs\ci4app\vendor\codeigniter4\framework\system\CodeIgniter.php(364): CodeIgniter\CodeIgniter->tryToRouteIt(Object(CodeIgniter\Router\RouteCollection))
#3 C:\xampp\htdocs\ci4app\vendor\codeigniter4\framework\system\CodeIgniter.php(312): CodeIgniter\CodeIgniter->handleRequest(NULL, Object(Config\Cache), false)
#4 C:\xampp\htdocs\ci4app\public\index.php(45): CodeIgniter\CodeIgniter->run()
#5 C:\xampp\htdocs\ci4app\vendor\codeigniter4\framework\system\Commands\Server\rewrite.php(34): require_once('C:\\xampp\\htdocs...')
#6 {main}
CRITICAL - 2021-01-21 18:47:37 --> syntax error, unexpected end of file, expecting function (T_FUNCTION) or const (T_CONST)
#0 C:\xampp\htdocs\ci4app\vendor\codeigniter4\framework\system\Router\Router.php(195): CodeIgniter\Router\Router->autoRoute('contact/create')
#1 C:\xampp\htdocs\ci4app\vendor\codeigniter4\framework\system\CodeIgniter.php(793): CodeIgniter\Router\Router->handle('contact/create')
#2 C:\xampp\htdocs\ci4app\vendor\codeigniter4\framework\system\CodeIgniter.php(364): CodeIgniter\CodeIgniter->tryToRouteIt(Object(CodeIgniter\Router\RouteCollection))
#3 C:\xampp\htdocs\ci4app\vendor\codeigniter4\framework\system\CodeIgniter.php(312): CodeIgniter\CodeIgniter->handleRequest(NULL, Object(Config\Cache), false)
#4 C:\xampp\htdocs\ci4app\public\index.php(45): CodeIgniter\CodeIgniter->run()
#5 C:\xampp\htdocs\ci4app\vendor\codeigniter4\framework\system\Commands\Server\rewrite.php(34): require_once('C:\\xampp\\htdocs...')
#6 {main}
CRITICAL - 2021-01-21 18:56:12 --> syntax error, unexpected end of file, expecting function (T_FUNCTION) or const (T_CONST)
#0 C:\xampp\htdocs\ci4app\vendor\codeigniter4\framework\system\Router\Router.php(195): CodeIgniter\Router\Router->autoRoute('contact/create')
#1 C:\xampp\htdocs\ci4app\vendor\codeigniter4\framework\system\CodeIgniter.php(793): CodeIgniter\Router\Router->handle('contact/create')
#2 C:\xampp\htdocs\ci4app\vendor\codeigniter4\framework\system\CodeIgniter.php(364): CodeIgniter\CodeIgniter->tryToRouteIt(Object(CodeIgniter\Router\RouteCollection))
#3 C:\xampp\htdocs\ci4app\vendor\codeigniter4\framework\system\CodeIgniter.php(312): CodeIgniter\CodeIgniter->handleRequest(NULL, Object(Config\Cache), false)
#4 C:\xampp\htdocs\ci4app\public\index.php(45): CodeIgniter\CodeIgniter->run()
#5 C:\xampp\htdocs\ci4app\vendor\codeigniter4\framework\system\Commands\Server\rewrite.php(34): require_once('C:\\xampp\\htdocs...')
#6 {main}
CRITICAL - 2021-01-21 18:56:17 --> syntax error, unexpected end of file, expecting function (T_FUNCTION) or const (T_CONST)
#0 C:\xampp\htdocs\ci4app\vendor\codeigniter4\framework\system\Router\Router.php(195): CodeIgniter\Router\Router->autoRoute('contact')
#1 C:\xampp\htdocs\ci4app\vendor\codeigniter4\framework\system\CodeIgniter.php(793): CodeIgniter\Router\Router->handle('contact')
#2 C:\xampp\htdocs\ci4app\vendor\codeigniter4\framework\system\CodeIgniter.php(364): CodeIgniter\CodeIgniter->tryToRouteIt(Object(CodeIgniter\Router\RouteCollection))
#3 C:\xampp\htdocs\ci4app\vendor\codeigniter4\framework\system\CodeIgniter.php(312): CodeIgniter\CodeIgniter->handleRequest(NULL, Object(Config\Cache), false)
#4 C:\xampp\htdocs\ci4app\public\index.php(45): CodeIgniter\CodeIgniter->run()
#5 C:\xampp\htdocs\ci4app\vendor\codeigniter4\framework\system\Commands\Server\rewrite.php(34): require_once('C:\\xampp\\htdocs...')
#6 {main}
CRITICAL - 2021-01-21 18:56:25 --> syntax error, unexpected end of file, expecting function (T_FUNCTION) or const (T_CONST)
#0 C:\xampp\htdocs\ci4app\vendor\codeigniter4\framework\system\Router\Router.php(195): CodeIgniter\Router\Router->autoRoute('contact/create')
#1 C:\xampp\htdocs\ci4app\vendor\codeigniter4\framework\system\CodeIgniter.php(793): CodeIgniter\Router\Router->handle('contact/create')
#2 C:\xampp\htdocs\ci4app\vendor\codeigniter4\framework\system\CodeIgniter.php(364): CodeIgniter\CodeIgniter->tryToRouteIt(Object(CodeIgniter\Router\RouteCollection))
#3 C:\xampp\htdocs\ci4app\vendor\codeigniter4\framework\system\CodeIgniter.php(312): CodeIgniter\CodeIgniter->handleRequest(NULL, Object(Config\Cache), false)
#4 C:\xampp\htdocs\ci4app\public\index.php(45): CodeIgniter\CodeIgniter->run()
#5 C:\xampp\htdocs\ci4app\vendor\codeigniter4\framework\system\Commands\Server\rewrite.php(34): require_once('C:\\xampp\\htdocs...')
#6 {main}
CRITICAL - 2021-01-21 18:56:46 --> syntax error, unexpected end of file, expecting function (T_FUNCTION) or const (T_CONST)
#0 C:\xampp\htdocs\ci4app\vendor\codeigniter4\framework\system\Router\Router.php(195): CodeIgniter\Router\Router->autoRoute('contact/create')
#1 C:\xampp\htdocs\ci4app\vendor\codeigniter4\framework\system\CodeIgniter.php(793): CodeIgniter\Router\Router->handle('contact/create')
#2 C:\xampp\htdocs\ci4app\vendor\codeigniter4\framework\system\CodeIgniter.php(364): CodeIgniter\CodeIgniter->tryToRouteIt(Object(CodeIgniter\Router\RouteCollection))
#3 C:\xampp\htdocs\ci4app\vendor\codeigniter4\framework\system\CodeIgniter.php(312): CodeIgniter\CodeIgniter->handleRequest(NULL, Object(Config\Cache), false)
#4 C:\xampp\htdocs\ci4app\public\index.php(45): CodeIgniter\CodeIgniter->run()
#5 C:\xampp\htdocs\ci4app\vendor\codeigniter4\framework\system\Commands\Server\rewrite.php(34): require_once('C:\\xampp\\htdocs...')
#6 {main}
CRITICAL - 2021-01-21 19:03:03 --> syntax error, unexpected end of file, expecting function (T_FUNCTION) or const (T_CONST)
#0 C:\xampp\htdocs\ci4app\vendor\codeigniter4\framework\system\Router\Router.php(195): CodeIgniter\Router\Router->autoRoute('contact/create')
#1 C:\xampp\htdocs\ci4app\vendor\codeigniter4\framework\system\CodeIgniter.php(793): CodeIgniter\Router\Router->handle('contact/create')
#2 C:\xampp\htdocs\ci4app\vendor\codeigniter4\framework\system\CodeIgniter.php(364): CodeIgniter\CodeIgniter->tryToRouteIt(Object(CodeIgniter\Router\RouteCollection))
#3 C:\xampp\htdocs\ci4app\vendor\codeigniter4\framework\system\CodeIgniter.php(312): CodeIgniter\CodeIgniter->handleRequest(NULL, Object(Config\Cache), false)
#4 C:\xampp\htdocs\ci4app\public\index.php(45): CodeIgniter\CodeIgniter->run()
#5 C:\xampp\htdocs\ci4app\vendor\codeigniter4\framework\system\Commands\Server\rewrite.php(34): require_once('C:\\xampp\\htdocs...')
#6 {main}
CRITICAL - 2021-01-21 19:05:48 --> syntax error, unexpected end of file, expecting function (T_FUNCTION) or const (T_CONST)
#0 C:\xampp\htdocs\ci4app\vendor\codeigniter4\framework\system\Router\Router.php(195): CodeIgniter\Router\Router->autoRoute('contact/create')
#1 C:\xampp\htdocs\ci4app\vendor\codeigniter4\framework\system\CodeIgniter.php(793): CodeIgniter\Router\Router->handle('contact/create')
#2 C:\xampp\htdocs\ci4app\vendor\codeigniter4\framework\system\CodeIgniter.php(364): CodeIgniter\CodeIgniter->tryToRouteIt(Object(CodeIgniter\Router\RouteCollection))
#3 C:\xampp\htdocs\ci4app\vendor\codeigniter4\framework\system\CodeIgniter.php(312): CodeIgniter\CodeIgniter->handleRequest(NULL, Object(Config\Cache), false)
#4 C:\xampp\htdocs\ci4app\public\index.php(45): CodeIgniter\CodeIgniter->run()
#5 C:\xampp\htdocs\ci4app\vendor\codeigniter4\framework\system\Commands\Server\rewrite.php(34): require_once('C:\\xampp\\htdocs...')
#6 {main}
CRITICAL - 2021-01-21 19:05:55 --> syntax error, unexpected end of file, expecting function (T_FUNCTION) or const (T_CONST)
#0 C:\xampp\htdocs\ci4app\vendor\codeigniter4\framework\system\Router\Router.php(195): CodeIgniter\Router\Router->autoRoute('contact/create')
#1 C:\xampp\htdocs\ci4app\vendor\codeigniter4\framework\system\CodeIgniter.php(793): CodeIgniter\Router\Router->handle('contact/create')
#2 C:\xampp\htdocs\ci4app\vendor\codeigniter4\framework\system\CodeIgniter.php(364): CodeIgniter\CodeIgniter->tryToRouteIt(Object(CodeIgniter\Router\RouteCollection))
#3 C:\xampp\htdocs\ci4app\vendor\codeigniter4\framework\system\CodeIgniter.php(312): CodeIgniter\CodeIgniter->handleRequest(NULL, Object(Config\Cache), false)
#4 C:\xampp\htdocs\ci4app\public\index.php(45): CodeIgniter\CodeIgniter->run()
#5 C:\xampp\htdocs\ci4app\vendor\codeigniter4\framework\system\Commands\Server\rewrite.php(34): require_once('C:\\xampp\\htdocs...')
#6 {main}
CRITICAL - 2021-01-21 19:07:34 --> syntax error, unexpected end of file, expecting function (T_FUNCTION) or const (T_CONST)
#0 C:\xampp\htdocs\ci4app\vendor\codeigniter4\framework\system\Autoloader\Autoloader.php(296): CodeIgniter\Autoloader\Autoloader->requireFile('C:\\xampp\\htdocs...')
#1 C:\xampp\htdocs\ci4app\vendor\codeigniter4\framework\system\Autoloader\Autoloader.php(258): CodeIgniter\Autoloader\Autoloader->loadInNamespace('App\\Controllers...')
#2 [internal function]: CodeIgniter\Autoloader\Autoloader->loadClass('App\\Controllers...')
#3 [internal function]: spl_autoload_call('App\\Controllers...')
#4 C:\xampp\htdocs\ci4app\vendor\codeigniter4\framework\system\CodeIgniter.php(869): class_exists('\\App\\Controller...', true)
#5 C:\xampp\htdocs\ci4app\vendor\codeigniter4\framework\system\CodeIgniter.php(394): CodeIgniter\CodeIgniter->startController()
#6 C:\xampp\htdocs\ci4app\vendor\codeigniter4\framework\system\CodeIgniter.php(312): CodeIgniter\CodeIgniter->handleRequest(NULL, Object(Config\Cache), false)
#7 C:\xampp\htdocs\ci4app\public\index.php(45): CodeIgniter\CodeIgniter->run()
#8 C:\xampp\htdocs\ci4app\vendor\codeigniter4\framework\system\Commands\Server\rewrite.php(34): require_once('C:\\xampp\\htdocs...')
#9 {main}
CRITICAL - 2021-01-21 19:08:11 --> Class 'App\Controllers\ContactModel' not found
#0 C:\xampp\htdocs\ci4app\vendor\codeigniter4\framework\system\CodeIgniter.php(890): App\Controllers\Contact->__construct()
#1 C:\xampp\htdocs\ci4app\vendor\codeigniter4\framework\system\CodeIgniter.php(399): CodeIgniter\CodeIgniter->createController()
#2 C:\xampp\htdocs\ci4app\vendor\codeigniter4\framework\system\CodeIgniter.php(312): CodeIgniter\CodeIgniter->handleRequest(NULL, Object(Config\Cache), false)
#3 C:\xampp\htdocs\ci4app\public\index.php(45): CodeIgniter\CodeIgniter->run()
#4 C:\xampp\htdocs\ci4app\vendor\codeigniter4\framework\system\Commands\Server\rewrite.php(34): require_once('C:\\xampp\\htdocs...')
#5 {main}
CRITICAL - 2021-01-21 19:08:13 --> Class 'App\Controllers\ContactModel' not found
#0 C:\xampp\htdocs\ci4app\vendor\codeigniter4\framework\system\CodeIgniter.php(890): App\Controllers\Contact->__construct()
#1 C:\xampp\htdocs\ci4app\vendor\codeigniter4\framework\system\CodeIgniter.php(399): CodeIgniter\CodeIgniter->createController()
#2 C:\xampp\htdocs\ci4app\vendor\codeigniter4\framework\system\CodeIgniter.php(312): CodeIgniter\CodeIgniter->handleRequest(NULL, Object(Config\Cache), false)
#3 C:\xampp\htdocs\ci4app\public\index.php(45): CodeIgniter\CodeIgniter->run()
#4 C:\xampp\htdocs\ci4app\vendor\codeigniter4\framework\system\Commands\Server\rewrite.php(34): require_once('C:\\xampp\\htdocs...')
#5 {main}
CRITICAL - 2021-01-21 19:08:14 --> Class 'App\Controllers\ContactModel' not found
#0 C:\xampp\htdocs\ci4app\vendor\codeigniter4\framework\system\CodeIgniter.php(890): App\Controllers\Contact->__construct()
#1 C:\xampp\htdocs\ci4app\vendor\codeigniter4\framework\system\CodeIgniter.php(399): CodeIgniter\CodeIgniter->createController()
#2 C:\xampp\htdocs\ci4app\vendor\codeigniter4\framework\system\CodeIgniter.php(312): CodeIgniter\CodeIgniter->handleRequest(NULL, Object(Config\Cache), false)
#3 C:\xampp\htdocs\ci4app\public\index.php(45): CodeIgniter\CodeIgniter->run()
#4 C:\xampp\htdocs\ci4app\vendor\codeigniter4\framework\system\Commands\Server\rewrite.php(34): require_once('C:\\xampp\\htdocs...')
#5 {main}
CRITICAL - 2021-01-21 19:09:54 --> Class 'App\Controllers\ContactModel' not found
#0 C:\xampp\htdocs\ci4app\vendor\codeigniter4\framework\system\CodeIgniter.php(890): App\Controllers\Contact->__construct()
#1 C:\xampp\htdocs\ci4app\vendor\codeigniter4\framework\system\CodeIgniter.php(399): CodeIgniter\CodeIgniter->createController()
#2 C:\xampp\htdocs\ci4app\vendor\codeigniter4\framework\system\CodeIgniter.php(312): CodeIgniter\CodeIgniter->handleRequest(NULL, Object(Config\Cache), false)
#3 C:\xampp\htdocs\ci4app\public\index.php(45): CodeIgniter\CodeIgniter->run()
#4 C:\xampp\htdocs\ci4app\vendor\codeigniter4\framework\system\Commands\Server\rewrite.php(34): require_once('C:\\xampp\\htdocs...')
#5 {main}
CRITICAL - 2021-01-21 19:15:25 --> Class 'App\Controllers\ContactModel' not found
#0 C:\xampp\htdocs\ci4app\vendor\codeigniter4\framework\system\CodeIgniter.php(890): App\Controllers\Contact->__construct()
#1 C:\xampp\htdocs\ci4app\vendor\codeigniter4\framework\system\CodeIgniter.php(399): CodeIgniter\CodeIgniter->createController()
#2 C:\xampp\htdocs\ci4app\vendor\codeigniter4\framework\system\CodeIgniter.php(312): CodeIgniter\CodeIgniter->handleRequest(NULL, Object(Config\Cache), false)
#3 C:\xampp\htdocs\ci4app\public\index.php(45): CodeIgniter\CodeIgniter->run()
#4 C:\xampp\htdocs\ci4app\vendor\codeigniter4\framework\system\Commands\Server\rewrite.php(34): require_once('C:\\xampp\\htdocs...')
#5 {main}
CRITICAL - 2021-01-21 19:18:36 --> syntax error, unexpected end of file, expecting function (T_FUNCTION) or const (T_CONST)
#0 C:\xampp\htdocs\ci4app\vendor\codeigniter4\framework\system\Autoloader\Autoloader.php(296): CodeIgniter\Autoloader\Autoloader->requireFile('C:\\xampp\\htdocs...')
#1 C:\xampp\htdocs\ci4app\vendor\codeigniter4\framework\system\Autoloader\Autoloader.php(258): CodeIgniter\Autoloader\Autoloader->loadInNamespace('App\\Controllers...')
#2 [internal function]: CodeIgniter\Autoloader\Autoloader->loadClass('App\\Controllers...')
#3 [internal function]: spl_autoload_call('App\\Controllers...')
#4 C:\xampp\htdocs\ci4app\vendor\codeigniter4\framework\system\CodeIgniter.php(869): class_exists('\\App\\Controller...', true)
#5 C:\xampp\htdocs\ci4app\vendor\codeigniter4\framework\system\CodeIgniter.php(394): CodeIgniter\CodeIgniter->startController()
#6 C:\xampp\htdocs\ci4app\vendor\codeigniter4\framework\system\CodeIgniter.php(312): CodeIgniter\CodeIgniter->handleRequest(NULL, Object(Config\Cache), false)
#7 C:\xampp\htdocs\ci4app\public\index.php(45): CodeIgniter\CodeIgniter->run()
#8 C:\xampp\htdocs\ci4app\vendor\codeigniter4\framework\system\Commands\Server\rewrite.php(34): require_once('C:\\xampp\\htdocs...')
#9 {main}
CRITICAL - 2021-01-21 19:18:50 --> syntax error, unexpected end of file, expecting function (T_FUNCTION) or const (T_CONST)
#0 C:\xampp\htdocs\ci4app\vendor\codeigniter4\framework\system\Router\Router.php(195): CodeIgniter\Router\Router->autoRoute('contact/index')
#1 C:\xampp\htdocs\ci4app\vendor\codeigniter4\framework\system\CodeIgniter.php(793): CodeIgniter\Router\Router->handle('contact/index')
#2 C:\xampp\htdocs\ci4app\vendor\codeigniter4\framework\system\CodeIgniter.php(364): CodeIgniter\CodeIgniter->tryToRouteIt(Object(CodeIgniter\Router\RouteCollection))
#3 C:\xampp\htdocs\ci4app\vendor\codeigniter4\framework\system\CodeIgniter.php(312): CodeIgniter\CodeIgniter->handleRequest(NULL, Object(Config\Cache), false)
#4 C:\xampp\htdocs\ci4app\public\index.php(45): CodeIgniter\CodeIgniter->run()
#5 C:\xampp\htdocs\ci4app\vendor\codeigniter4\framework\system\Commands\Server\rewrite.php(34): require_once('C:\\xampp\\htdocs...')
#6 {main}
CRITICAL - 2021-01-21 19:19:01 --> syntax error, unexpected end of file, expecting function (T_FUNCTION) or const (T_CONST)
#0 C:\xampp\htdocs\ci4app\vendor\codeigniter4\framework\system\Router\Router.php(195): CodeIgniter\Router\Router->autoRoute('contact/index')
#1 C:\xampp\htdocs\ci4app\vendor\codeigniter4\framework\system\CodeIgniter.php(793): CodeIgniter\Router\Router->handle('contact/index')
#2 C:\xampp\htdocs\ci4app\vendor\codeigniter4\framework\system\CodeIgniter.php(364): CodeIgniter\CodeIgniter->tryToRouteIt(Object(CodeIgniter\Router\RouteCollection))
#3 C:\xampp\htdocs\ci4app\vendor\codeigniter4\framework\system\CodeIgniter.php(312): CodeIgniter\CodeIgniter->handleRequest(NULL, Object(Config\Cache), false)
#4 C:\xampp\htdocs\ci4app\public\index.php(45): CodeIgniter\CodeIgniter->run()
#5 C:\xampp\htdocs\ci4app\vendor\codeigniter4\framework\system\Commands\Server\rewrite.php(34): require_once('C:\\xampp\\htdocs...')
#6 {main}
CRITICAL - 2021-01-21 19:20:26 --> syntax error, unexpected end of file, expecting function (T_FUNCTION) or const (T_CONST)
#0 C:\xampp\htdocs\ci4app\vendor\codeigniter4\framework\system\Router\Router.php(195): CodeIgniter\Router\Router->autoRoute('contact/index')
#1 C:\xampp\htdocs\ci4app\vendor\codeigniter4\framework\system\CodeIgniter.php(793): CodeIgniter\Router\Router->handle('contact/index')
#2 C:\xampp\htdocs\ci4app\vendor\codeigniter4\framework\system\CodeIgniter.php(364): CodeIgniter\CodeIgniter->tryToRouteIt(Object(CodeIgniter\Router\RouteCollection))
#3 C:\xampp\htdocs\ci4app\vendor\codeigniter4\framework\system\CodeIgniter.php(312): CodeIgniter\CodeIgniter->handleRequest(NULL, Object(Config\Cache), false)
#4 C:\xampp\htdocs\ci4app\public\index.php(45): CodeIgniter\CodeIgniter->run()
#5 C:\xampp\htdocs\ci4app\vendor\codeigniter4\framework\system\Commands\Server\rewrite.php(34): require_once('C:\\xampp\\htdocs...')
#6 {main}
CRITICAL - 2021-01-21 19:20:31 --> syntax error, unexpected end of file, expecting function (T_FUNCTION) or const (T_CONST)
#0 C:\xampp\htdocs\ci4app\vendor\codeigniter4\framework\system\Router\Router.php(195): CodeIgniter\Router\Router->autoRoute('contact')
#1 C:\xampp\htdocs\ci4app\vendor\codeigniter4\framework\system\CodeIgniter.php(793): CodeIgniter\Router\Router->handle('contact')
#2 C:\xampp\htdocs\ci4app\vendor\codeigniter4\framework\system\CodeIgniter.php(364): CodeIgniter\CodeIgniter->tryToRouteIt(Object(CodeIgniter\Router\RouteCollection))
#3 C:\xampp\htdocs\ci4app\vendor\codeigniter4\framework\system\CodeIgniter.php(312): CodeIgniter\CodeIgniter->handleRequest(NULL, Object(Config\Cache), false)
#4 C:\xampp\htdocs\ci4app\public\index.php(45): CodeIgniter\CodeIgniter->run()
#5 C:\xampp\htdocs\ci4app\vendor\codeigniter4\framework\system\Commands\Server\rewrite.php(34): require_once('C:\\xampp\\htdocs...')
#6 {main}
CRITICAL - 2021-01-21 19:21:39 --> syntax error, unexpected end of file, expecting function (T_FUNCTION) or const (T_CONST)
#0 C:\xampp\htdocs\ci4app\vendor\codeigniter4\framework\system\Router\Router.php(195): CodeIgniter\Router\Router->autoRoute('contact')
#1 C:\xampp\htdocs\ci4app\vendor\codeigniter4\framework\system\CodeIgniter.php(793): CodeIgniter\Router\Router->handle('contact')
#2 C:\xampp\htdocs\ci4app\vendor\codeigniter4\framework\system\CodeIgniter.php(364): CodeIgniter\CodeIgniter->tryToRouteIt(Object(CodeIgniter\Router\RouteCollection))
#3 C:\xampp\htdocs\ci4app\vendor\codeigniter4\framework\system\CodeIgniter.php(312): CodeIgniter\CodeIgniter->handleRequest(NULL, Object(Config\Cache), false)
#4 C:\xampp\htdocs\ci4app\public\index.php(45): CodeIgniter\CodeIgniter->run()
#5 C:\xampp\htdocs\ci4app\vendor\codeigniter4\framework\system\Commands\Server\rewrite.php(34): require_once('C:\\xampp\\htdocs...')
#6 {main}
CRITICAL - 2021-01-21 19:21:43 --> syntax error, unexpected end of file, expecting function (T_FUNCTION) or const (T_CONST)
#0 C:\xampp\htdocs\ci4app\vendor\codeigniter4\framework\system\Router\Router.php(195): CodeIgniter\Router\Router->autoRoute('contact/index')
#1 C:\xampp\htdocs\ci4app\vendor\codeigniter4\framework\system\CodeIgniter.php(793): CodeIgniter\Router\Router->handle('contact/index')
#2 C:\xampp\htdocs\ci4app\vendor\codeigniter4\framework\system\CodeIgniter.php(364): CodeIgniter\CodeIgniter->tryToRouteIt(Object(CodeIgniter\Router\RouteCollection))
#3 C:\xampp\htdocs\ci4app\vendor\codeigniter4\framework\system\CodeIgniter.php(312): CodeIgniter\CodeIgniter->handleRequest(NULL, Object(Config\Cache), false)
#4 C:\xampp\htdocs\ci4app\public\index.php(45): CodeIgniter\CodeIgniter->run()
#5 C:\xampp\htdocs\ci4app\vendor\codeigniter4\framework\system\Commands\Server\rewrite.php(34): require_once('C:\\xampp\\htdocs...')
#6 {main}
CRITICAL - 2021-01-21 19:22:17 --> syntax error, unexpected end of file, expecting function (T_FUNCTION) or const (T_CONST)
#0 C:\xampp\htdocs\ci4app\vendor\codeigniter4\framework\system\Router\Router.php(195): CodeIgniter\Router\Router->autoRoute('contact/index')
#1 C:\xampp\htdocs\ci4app\vendor\codeigniter4\framework\system\CodeIgniter.php(793): CodeIgniter\Router\Router->handle('contact/index')
#2 C:\xampp\htdocs\ci4app\vendor\codeigniter4\framework\system\CodeIgniter.php(364): CodeIgniter\CodeIgniter->tryToRouteIt(Object(CodeIgniter\Router\RouteCollection))
#3 C:\xampp\htdocs\ci4app\vendor\codeigniter4\framework\system\CodeIgniter.php(312): CodeIgniter\CodeIgniter->handleRequest(NULL, Object(Config\Cache), false)
#4 C:\xampp\htdocs\ci4app\public\index.php(45): CodeIgniter\CodeIgniter->run()
#5 C:\xampp\htdocs\ci4app\vendor\codeigniter4\framework\system\Commands\Server\rewrite.php(34): require_once('C:\\xampp\\htdocs...')
#6 {main}
CRITICAL - 2021-01-21 19:22:18 --> syntax error, unexpected end of file, expecting function (T_FUNCTION) or const (T_CONST)
#0 C:\xampp\htdocs\ci4app\vendor\codeigniter4\framework\system\Router\Router.php(195): CodeIgniter\Router\Router->autoRoute('contact/index')
#1 C:\xampp\htdocs\ci4app\vendor\codeigniter4\framework\system\CodeIgniter.php(793): CodeIgniter\Router\Router->handle('contact/index')
#2 C:\xampp\htdocs\ci4app\vendor\codeigniter4\framework\system\CodeIgniter.php(364): CodeIgniter\CodeIgniter->tryToRouteIt(Object(CodeIgniter\Router\RouteCollection))
#3 C:\xampp\htdocs\ci4app\vendor\codeigniter4\framework\system\CodeIgniter.php(312): CodeIgniter\CodeIgniter->handleRequest(NULL, Object(Config\Cache), false)
#4 C:\xampp\htdocs\ci4app\public\index.php(45): CodeIgniter\CodeIgniter->run()
#5 C:\xampp\htdocs\ci4app\vendor\codeigniter4\framework\system\Commands\Server\rewrite.php(34): require_once('C:\\xampp\\htdocs...')
#6 {main}
CRITICAL - 2021-01-21 19:23:07 --> syntax error, unexpected end of file, expecting function (T_FUNCTION) or const (T_CONST)
#0 C:\xampp\htdocs\ci4app\vendor\codeigniter4\framework\system\Router\Router.php(195): CodeIgniter\Router\Router->autoRoute('contact/index')
#1 C:\xampp\htdocs\ci4app\vendor\codeigniter4\framework\system\CodeIgniter.php(793): CodeIgniter\Router\Router->handle('contact/index')
#2 C:\xampp\htdocs\ci4app\vendor\codeigniter4\framework\system\CodeIgniter.php(364): CodeIgniter\CodeIgniter->tryToRouteIt(Object(CodeIgniter\Router\RouteCollection))
#3 C:\xampp\htdocs\ci4app\vendor\codeigniter4\framework\system\CodeIgniter.php(312): CodeIgniter\CodeIgniter->handleRequest(NULL, Object(Config\Cache), false)
#4 C:\xampp\htdocs\ci4app\public\index.php(45): CodeIgniter\CodeIgniter->run()
#5 C:\xampp\htdocs\ci4app\vendor\codeigniter4\framework\system\Commands\Server\rewrite.php(34): require_once('C:\\xampp\\htdocs...')
#6 {main}
CRITICAL - 2021-01-21 19:23:13 --> syntax error, unexpected end of file, expecting function (T_FUNCTION) or const (T_CONST)
#0 C:\xampp\htdocs\ci4app\vendor\codeigniter4\framework\system\Router\Router.php(195): CodeIgniter\Router\Router->autoRoute('contact')
#1 C:\xampp\htdocs\ci4app\vendor\codeigniter4\framework\system\CodeIgniter.php(793): CodeIgniter\Router\Router->handle('contact')
#2 C:\xampp\htdocs\ci4app\vendor\codeigniter4\framework\system\CodeIgniter.php(364): CodeIgniter\CodeIgniter->tryToRouteIt(Object(CodeIgniter\Router\RouteCollection))
#3 C:\xampp\htdocs\ci4app\vendor\codeigniter4\framework\system\CodeIgniter.php(312): CodeIgniter\CodeIgniter->handleRequest(NULL, Object(Config\Cache), false)
#4 C:\xampp\htdocs\ci4app\public\index.php(45): CodeIgniter\CodeIgniter->run()
#5 C:\xampp\htdocs\ci4app\vendor\codeigniter4\framework\system\Commands\Server\rewrite.php(34): require_once('C:\\xampp\\htdocs...')
#6 {main}
CRITICAL - 2021-01-21 19:24:16 --> syntax error, unexpected end of file, expecting function (T_FUNCTION) or const (T_CONST)
#0 C:\xampp\htdocs\ci4app\vendor\codeigniter4\framework\system\Router\Router.php(195): CodeIgniter\Router\Router->autoRoute('contact/index')
#1 C:\xampp\htdocs\ci4app\vendor\codeigniter4\framework\system\CodeIgniter.php(793): CodeIgniter\Router\Router->handle('contact/index')
#2 C:\xampp\htdocs\ci4app\vendor\codeigniter4\framework\system\CodeIgniter.php(364): CodeIgniter\CodeIgniter->tryToRouteIt(Object(CodeIgniter\Router\RouteCollection))
#3 C:\xampp\htdocs\ci4app\vendor\codeigniter4\framework\system\CodeIgniter.php(312): CodeIgniter\CodeIgniter->handleRequest(NULL, Object(Config\Cache), false)
#4 C:\xampp\htdocs\ci4app\public\index.php(45): CodeIgniter\CodeIgniter->run()
#5 C:\xampp\htdocs\ci4app\vendor\codeigniter4\framework\system\Commands\Server\rewrite.php(34): require_once('C:\\xampp\\htdocs...')
#6 {main}
