CRITICAL - 2020-11-20 03:10:58 --> Argument 1 passed to url_title() must be of the type string, null given, called in C:\xampp\htdocs\ci4app\app\Controllers\Komik.php on line 48
#0 C:\xampp\htdocs\ci4app\app\Controllers\Komik.php(48): url_title(NULL, '-', true)
#1 C:\xampp\htdocs\ci4app\vendor\codeigniter4\framework\system\CodeIgniter.php(918): App\Controllers\Komik->save()
#2 C:\xampp\htdocs\ci4app\vendor\codeigniter4\framework\system\CodeIgniter.php(404): CodeIgniter\CodeIgniter->runController(Object(App\Controllers\Komik))
#3 C:\xampp\htdocs\ci4app\vendor\codeigniter4\framework\system\CodeIgniter.php(312): CodeIgniter\CodeIgniter->handleRequest(NULL, Object(Config\Cache), false)
#4 C:\xampp\htdocs\ci4app\public\index.php(45): CodeIgniter\CodeIgniter->run()
#5 C:\xampp\htdocs\ci4app\vendor\codeigniter4\framework\system\Commands\Server\rewrite.php(34): require_once('C:\\xampp\\htdocs...')
#6 {main}
CRITICAL - 2020-11-20 06:18:07 --> Call to undefined method CodeIgniter\Validation\Validation::listErros()
#0 C:\xampp\htdocs\ci4app\vendor\codeigniter4\framework\system\View\View.php(246): include()
#1 C:\xampp\htdocs\ci4app\vendor\codeigniter4\framework\system\Common.php(1119): CodeIgniter\View\View->render('komik/create', Array, true)
#2 C:\xampp\htdocs\ci4app\app\Controllers\Komik.php(46): view('komik/create', Array)
#3 C:\xampp\htdocs\ci4app\vendor\codeigniter4\framework\system\CodeIgniter.php(918): App\Controllers\Komik->create()
#4 C:\xampp\htdocs\ci4app\vendor\codeigniter4\framework\system\CodeIgniter.php(404): CodeIgniter\CodeIgniter->runController(Object(App\Controllers\Komik))
#5 C:\xampp\htdocs\ci4app\vendor\codeigniter4\framework\system\CodeIgniter.php(312): CodeIgniter\CodeIgniter->handleRequest(NULL, Object(Config\Cache), false)
#6 C:\xampp\htdocs\ci4app\public\index.php(45): CodeIgniter\CodeIgniter->run()
#7 C:\xampp\htdocs\ci4app\vendor\codeigniter4\framework\system\Commands\Server\rewrite.php(34): require_once('C:\\xampp\\htdocs...')
#8 {main}
CRITICAL - 2020-11-20 06:25:24 --> Call to undefined method CodeIgniter\Validation\Validation::listErros()
#0 C:\xampp\htdocs\ci4app\vendor\codeigniter4\framework\system\View\View.php(246): include()
#1 C:\xampp\htdocs\ci4app\vendor\codeigniter4\framework\system\Common.php(1119): CodeIgniter\View\View->render('komik/create', Array, true)
#2 C:\xampp\htdocs\ci4app\app\Controllers\Komik.php(46): view('komik/create', Array)
#3 C:\xampp\htdocs\ci4app\vendor\codeigniter4\framework\system\CodeIgniter.php(918): App\Controllers\Komik->create()
#4 C:\xampp\htdocs\ci4app\vendor\codeigniter4\framework\system\CodeIgniter.php(404): CodeIgniter\CodeIgniter->runController(Object(App\Controllers\Komik))
#5 C:\xampp\htdocs\ci4app\vendor\codeigniter4\framework\system\CodeIgniter.php(312): CodeIgniter\CodeIgniter->handleRequest(NULL, Object(Config\Cache), false)
#6 C:\xampp\htdocs\ci4app\public\index.php(45): CodeIgniter\CodeIgniter->run()
#7 C:\xampp\htdocs\ci4app\vendor\codeigniter4\framework\system\Commands\Server\rewrite.php(34): require_once('C:\\xampp\\htdocs...')
#8 {main}
CRITICAL - 2020-11-20 06:25:36 --> Call to undefined method CodeIgniter\Validation\Validation::listErros()
#0 C:\xampp\htdocs\ci4app\vendor\codeigniter4\framework\system\View\View.php(246): include()
#1 C:\xampp\htdocs\ci4app\vendor\codeigniter4\framework\system\Common.php(1119): CodeIgniter\View\View->render('komik/create', Array, true)
#2 C:\xampp\htdocs\ci4app\app\Controllers\Komik.php(46): view('komik/create', Array)
#3 C:\xampp\htdocs\ci4app\vendor\codeigniter4\framework\system\CodeIgniter.php(918): App\Controllers\Komik->create()
#4 C:\xampp\htdocs\ci4app\vendor\codeigniter4\framework\system\CodeIgniter.php(404): CodeIgniter\CodeIgniter->runController(Object(App\Controllers\Komik))
#5 C:\xampp\htdocs\ci4app\vendor\codeigniter4\framework\system\CodeIgniter.php(312): CodeIgniter\CodeIgniter->handleRequest(NULL, Object(Config\Cache), false)
#6 C:\xampp\htdocs\ci4app\public\index.php(45): CodeIgniter\CodeIgniter->run()
#7 C:\xampp\htdocs\ci4app\vendor\codeigniter4\framework\system\Commands\Server\rewrite.php(34): require_once('C:\\xampp\\htdocs...')
#8 {main}
CRITICAL - 2020-11-20 06:29:37 --> Call to undefined method CodeIgniter\Validation\Validation::listErros()
#0 C:\xampp\htdocs\ci4app\vendor\codeigniter4\framework\system\View\View.php(246): include()
#1 C:\xampp\htdocs\ci4app\vendor\codeigniter4\framework\system\Common.php(1119): CodeIgniter\View\View->render('komik/create', Array, true)
#2 C:\xampp\htdocs\ci4app\app\Controllers\Komik.php(46): view('komik/create', Array)
#3 C:\xampp\htdocs\ci4app\vendor\codeigniter4\framework\system\CodeIgniter.php(918): App\Controllers\Komik->create()
#4 C:\xampp\htdocs\ci4app\vendor\codeigniter4\framework\system\CodeIgniter.php(404): CodeIgniter\CodeIgniter->runController(Object(App\Controllers\Komik))
#5 C:\xampp\htdocs\ci4app\vendor\codeigniter4\framework\system\CodeIgniter.php(312): CodeIgniter\CodeIgniter->handleRequest(NULL, Object(Config\Cache), false)
#6 C:\xampp\htdocs\ci4app\public\index.php(45): CodeIgniter\CodeIgniter->run()
#7 C:\xampp\htdocs\ci4app\vendor\codeigniter4\framework\system\Commands\Server\rewrite.php(34): require_once('C:\\xampp\\htdocs...')
#8 {main}
CRITICAL - 2020-11-20 06:29:56 --> Call to undefined method CodeIgniter\Validation\Validation::listErros()
#0 C:\xampp\htdocs\ci4app\vendor\codeigniter4\framework\system\View\View.php(246): include()
#1 C:\xampp\htdocs\ci4app\vendor\codeigniter4\framework\system\Common.php(1119): CodeIgniter\View\View->render('komik/create', Array, true)
#2 C:\xampp\htdocs\ci4app\app\Controllers\Komik.php(46): view('komik/create', Array)
#3 C:\xampp\htdocs\ci4app\vendor\codeigniter4\framework\system\CodeIgniter.php(918): App\Controllers\Komik->create()
#4 C:\xampp\htdocs\ci4app\vendor\codeigniter4\framework\system\CodeIgniter.php(404): CodeIgniter\CodeIgniter->runController(Object(App\Controllers\Komik))
#5 C:\xampp\htdocs\ci4app\vendor\codeigniter4\framework\system\CodeIgniter.php(312): CodeIgniter\CodeIgniter->handleRequest(NULL, Object(Config\Cache), false)
#6 C:\xampp\htdocs\ci4app\public\index.php(45): CodeIgniter\CodeIgniter->run()
#7 C:\xampp\htdocs\ci4app\vendor\codeigniter4\framework\system\Commands\Server\rewrite.php(34): require_once('C:\\xampp\\htdocs...')
#8 {main}
CRITICAL - 2020-11-20 06:30:16 --> Call to undefined method CodeIgniter\Validation\Validation::listErros()
#0 C:\xampp\htdocs\ci4app\vendor\codeigniter4\framework\system\View\View.php(246): include()
#1 C:\xampp\htdocs\ci4app\vendor\codeigniter4\framework\system\Common.php(1119): CodeIgniter\View\View->render('komik/create', Array, true)
#2 C:\xampp\htdocs\ci4app\app\Controllers\Komik.php(46): view('komik/create', Array)
#3 C:\xampp\htdocs\ci4app\vendor\codeigniter4\framework\system\CodeIgniter.php(918): App\Controllers\Komik->create()
#4 C:\xampp\htdocs\ci4app\vendor\codeigniter4\framework\system\CodeIgniter.php(404): CodeIgniter\CodeIgniter->runController(Object(App\Controllers\Komik))
#5 C:\xampp\htdocs\ci4app\vendor\codeigniter4\framework\system\CodeIgniter.php(312): CodeIgniter\CodeIgniter->handleRequest(NULL, Object(Config\Cache), false)
#6 C:\xampp\htdocs\ci4app\public\index.php(45): CodeIgniter\CodeIgniter->run()
#7 C:\xampp\htdocs\ci4app\vendor\codeigniter4\framework\system\Commands\Server\rewrite.php(34): require_once('C:\\xampp\\htdocs...')
#8 {main}
CRITICAL - 2020-11-20 06:30:33 --> Call to undefined method CodeIgniter\Validation\Validation::listErros()
#0 C:\xampp\htdocs\ci4app\vendor\codeigniter4\framework\system\View\View.php(246): include()
#1 C:\xampp\htdocs\ci4app\vendor\codeigniter4\framework\system\Common.php(1119): CodeIgniter\View\View->render('komik/create', Array, true)
#2 C:\xampp\htdocs\ci4app\app\Controllers\Komik.php(46): view('komik/create', Array)
#3 C:\xampp\htdocs\ci4app\vendor\codeigniter4\framework\system\CodeIgniter.php(918): App\Controllers\Komik->create()
#4 C:\xampp\htdocs\ci4app\vendor\codeigniter4\framework\system\CodeIgniter.php(404): CodeIgniter\CodeIgniter->runController(Object(App\Controllers\Komik))
#5 C:\xampp\htdocs\ci4app\vendor\codeigniter4\framework\system\CodeIgniter.php(312): CodeIgniter\CodeIgniter->handleRequest(NULL, Object(Config\Cache), false)
#6 C:\xampp\htdocs\ci4app\public\index.php(45): CodeIgniter\CodeIgniter->run()
#7 C:\xampp\htdocs\ci4app\vendor\codeigniter4\framework\system\Commands\Server\rewrite.php(34): require_once('C:\\xampp\\htdocs...')
#8 {main}
CRITICAL - 2020-11-20 06:30:38 --> Call to undefined method CodeIgniter\Validation\Validation::listErros()
#0 C:\xampp\htdocs\ci4app\vendor\codeigniter4\framework\system\View\View.php(246): include()
#1 C:\xampp\htdocs\ci4app\vendor\codeigniter4\framework\system\Common.php(1119): CodeIgniter\View\View->render('komik/create', Array, true)
#2 C:\xampp\htdocs\ci4app\app\Controllers\Komik.php(46): view('komik/create', Array)
#3 C:\xampp\htdocs\ci4app\vendor\codeigniter4\framework\system\CodeIgniter.php(918): App\Controllers\Komik->create()
#4 C:\xampp\htdocs\ci4app\vendor\codeigniter4\framework\system\CodeIgniter.php(404): CodeIgniter\CodeIgniter->runController(Object(App\Controllers\Komik))
#5 C:\xampp\htdocs\ci4app\vendor\codeigniter4\framework\system\CodeIgniter.php(312): CodeIgniter\CodeIgniter->handleRequest(NULL, Object(Config\Cache), false)
#6 C:\xampp\htdocs\ci4app\public\index.php(45): CodeIgniter\CodeIgniter->run()
#7 C:\xampp\htdocs\ci4app\vendor\codeigniter4\framework\system\Commands\Server\rewrite.php(34): require_once('C:\\xampp\\htdocs...')
#8 {main}
CRITICAL - 2020-11-20 06:33:13 --> Call to undefined method CodeIgniter\Validation\Validation::listErros()
#0 C:\xampp\htdocs\ci4app\vendor\codeigniter4\framework\system\View\View.php(246): include()
#1 C:\xampp\htdocs\ci4app\vendor\codeigniter4\framework\system\Common.php(1119): CodeIgniter\View\View->render('komik/create', Array, true)
#2 C:\xampp\htdocs\ci4app\app\Controllers\Komik.php(46): view('komik/create', Array)
#3 C:\xampp\htdocs\ci4app\vendor\codeigniter4\framework\system\CodeIgniter.php(918): App\Controllers\Komik->create()
#4 C:\xampp\htdocs\ci4app\vendor\codeigniter4\framework\system\CodeIgniter.php(404): CodeIgniter\CodeIgniter->runController(Object(App\Controllers\Komik))
#5 C:\xampp\htdocs\ci4app\vendor\codeigniter4\framework\system\CodeIgniter.php(312): CodeIgniter\CodeIgniter->handleRequest(NULL, Object(Config\Cache), false)
#6 C:\xampp\htdocs\ci4app\public\index.php(45): CodeIgniter\CodeIgniter->run()
#7 C:\xampp\htdocs\ci4app\vendor\codeigniter4\framework\system\Commands\Server\rewrite.php(34): require_once('C:\\xampp\\htdocs...')
#8 {main}
CRITICAL - 2020-11-20 06:33:18 --> Call to undefined method CodeIgniter\Validation\Validation::listErros()
#0 C:\xampp\htdocs\ci4app\vendor\codeigniter4\framework\system\View\View.php(246): include()
#1 C:\xampp\htdocs\ci4app\vendor\codeigniter4\framework\system\Common.php(1119): CodeIgniter\View\View->render('komik/create', Array, true)
#2 C:\xampp\htdocs\ci4app\app\Controllers\Komik.php(46): view('komik/create', Array)
#3 C:\xampp\htdocs\ci4app\vendor\codeigniter4\framework\system\CodeIgniter.php(918): App\Controllers\Komik->create()
#4 C:\xampp\htdocs\ci4app\vendor\codeigniter4\framework\system\CodeIgniter.php(404): CodeIgniter\CodeIgniter->runController(Object(App\Controllers\Komik))
#5 C:\xampp\htdocs\ci4app\vendor\codeigniter4\framework\system\CodeIgniter.php(312): CodeIgniter\CodeIgniter->handleRequest(NULL, Object(Config\Cache), false)
#6 C:\xampp\htdocs\ci4app\public\index.php(45): CodeIgniter\CodeIgniter->run()
#7 C:\xampp\htdocs\ci4app\vendor\codeigniter4\framework\system\Commands\Server\rewrite.php(34): require_once('C:\\xampp\\htdocs...')
#8 {main}
CRITICAL - 2020-11-20 06:40:18 --> Call to undefined method CodeIgniter\Validation\Validation::listErros()
#0 C:\xampp\htdocs\ci4app\vendor\codeigniter4\framework\system\View\View.php(246): include()
#1 C:\xampp\htdocs\ci4app\vendor\codeigniter4\framework\system\Common.php(1119): CodeIgniter\View\View->render('komik/create', Array, true)
#2 C:\xampp\htdocs\ci4app\app\Controllers\Komik.php(46): view('komik/create', Array)
#3 C:\xampp\htdocs\ci4app\vendor\codeigniter4\framework\system\CodeIgniter.php(918): App\Controllers\Komik->create()
#4 C:\xampp\htdocs\ci4app\vendor\codeigniter4\framework\system\CodeIgniter.php(404): CodeIgniter\CodeIgniter->runController(Object(App\Controllers\Komik))
#5 C:\xampp\htdocs\ci4app\vendor\codeigniter4\framework\system\CodeIgniter.php(312): CodeIgniter\CodeIgniter->handleRequest(NULL, Object(Config\Cache), false)
#6 C:\xampp\htdocs\ci4app\public\index.php(45): CodeIgniter\CodeIgniter->run()
#7 C:\xampp\htdocs\ci4app\vendor\codeigniter4\framework\system\Commands\Server\rewrite.php(34): require_once('C:\\xampp\\htdocs...')
#8 {main}
CRITICAL - 2020-11-20 06:40:24 --> Call to undefined method CodeIgniter\Validation\Validation::listErros()
#0 C:\xampp\htdocs\ci4app\vendor\codeigniter4\framework\system\View\View.php(246): include()
#1 C:\xampp\htdocs\ci4app\vendor\codeigniter4\framework\system\Common.php(1119): CodeIgniter\View\View->render('komik/create', Array, true)
#2 C:\xampp\htdocs\ci4app\app\Controllers\Komik.php(46): view('komik/create', Array)
#3 C:\xampp\htdocs\ci4app\vendor\codeigniter4\framework\system\CodeIgniter.php(918): App\Controllers\Komik->create()
#4 C:\xampp\htdocs\ci4app\vendor\codeigniter4\framework\system\CodeIgniter.php(404): CodeIgniter\CodeIgniter->runController(Object(App\Controllers\Komik))
#5 C:\xampp\htdocs\ci4app\vendor\codeigniter4\framework\system\CodeIgniter.php(312): CodeIgniter\CodeIgniter->handleRequest(NULL, Object(Config\Cache), false)
#6 C:\xampp\htdocs\ci4app\public\index.php(45): CodeIgniter\CodeIgniter->run()
#7 C:\xampp\htdocs\ci4app\vendor\codeigniter4\framework\system\Commands\Server\rewrite.php(34): require_once('C:\\xampp\\htdocs...')
#8 {main}
